-- Found ament_cmake: 1.3.10 (/opt/ros/humble/share/ament_cmake/cmake)
-- Override CMake install command with custom implementation using symlinks instead of copying resources
-- Found rclpy: 3.3.14 (/opt/ros/humble/share/rclpy/cmake)
-- Found rosidl_default_generators: 1.2.0 (/opt/ros/humble/share/rosidl_default_generators/cmake)
-- Using all available rosidl_typesupport_c: rosidl_typesupport_fastrtps_c;rosidl_typesupport_introspection_c
-- Found rosidl_adapter: 3.1.5 (/opt/ros/humble/share/rosidl_adapter/cmake)
-- Using all available rosidl_typesupport_cpp: rosidl_typesupport_fastrtps_cpp;rosidl_typesupport_introspection_cpp
-- Found sensor_msgs: 4.2.4 (/opt/ros/humble/share/sensor_msgs/cmake)
-- Found ament_cmake_ros: 0.10.0 (/opt/ros/humble/share/ament_cmake_ros/cmake)
-- Using all available rosidl_typesupport_c: rosidl_typesupport_fastrtps_c;rosidl_typesupport_introspection_c
-- Using all available rosidl_typesupport_cpp: rosidl_typesupport_fastrtps_cpp;rosidl_typesupport_introspection_cpp
-- Found PythonInterp: /usr/bin/python3 (found suitable version "3.10.12", minimum required is "3.6") 
-- Found python_cmake_module: 0.10.0 (/opt/ros/humble/share/python_cmake_module/cmake)
-- Found PythonLibs: /usr/lib/x86_64-linux-gnu/libpython3.10.so (found suitable version "3.10.12", minimum required is "3.5") 
-- Using PYTHON_EXECUTABLE: /usr/bin/python3
-- Using PYTHON_INCLUDE_DIRS: /usr/include/python3.10
-- Using PYTHON_LIBRARIES: /usr/lib/x86_64-linux-gnu/libpython3.10.so
-- Found PythonExtra: .so  
-- Found ament_lint_auto: 0.12.11 (/opt/ros/humble/share/ament_lint_auto/cmake)
-- Added test 'flake8' to check Python code syntax and style conventions
-- Added test 'lint_cmake' to check CMake code style
-- Added test 'pep257' to check Python code against some of the docstring style conventions in PEP 257
-- Added test 'xmllint' to check XML markup files
-- Configuring done
-- Generating done
-- Build files have been written to: /home/abdo/Gazebo-Session/DEPI_competition/build/simple_bot
[  3%] [34m[1mGenerating C code for ROS interfaces[0m
[  6%] [34m[1mGenerating C++ code for ROS interfaces[0m
[  6%] Built target ament_cmake_python_symlink_simple_bot
running egg_info
creating simple_bot.egg-info
[  6%] Built target simple_bot__cpp
writing simple_bot.egg-info/PKG-INFO
writing dependency_links to simple_bot.egg-info/dependency_links.txt
writing top-level names to simple_bot.egg-info/top_level.txt
writing manifest file 'simple_bot.egg-info/SOURCES.txt'
[  9%] [34m[1mGenerating C++ introspection for ROS interfaces[0m
[ 12%] [34m[1mGenerating C++ type support dispatch for ROS interfaces[0m
[ 16%] [34m[1mGenerating C++ type support for eProsima Fast-RTPS[0m
[ 19%] [32mBuilding C object CMakeFiles/simple_bot__rosidl_generator_c.dir/rosidl_generator_c/simple_bot/msg/detail/objects_detected__functions.c.o[0m
reading manifest file 'simple_bot.egg-info/SOURCES.txt'
[ 22%] [32m[1mLinking C shared library libsimple_bot__rosidl_generator_c.so[0m
[ 22%] Built target simple_bot__rosidl_generator_c
[ 25%] [32mBuilding CXX object CMakeFiles/simple_bot__rosidl_typesupport_cpp.dir/rosidl_typesupport_cpp/simple_bot/msg/objects_detected__type_support.cpp.o[0m
[ 29%] [32mBuilding CXX object CMakeFiles/simple_bot__rosidl_typesupport_introspection_cpp.dir/rosidl_typesupport_introspection_cpp/simple_bot/msg/detail/objects_detected__type_support.cpp.o[0m
[ 32%] [32mBuilding CXX object CMakeFiles/simple_bot__rosidl_typesupport_fastrtps_cpp.dir/rosidl_typesupport_fastrtps_cpp/simple_bot/msg/detail/dds_fastrtps/objects_detected__type_support.cpp.o[0m
[ 35%] [32m[1mLinking CXX shared library libsimple_bot__rosidl_typesupport_cpp.so[0m
[ 35%] Built target simple_bot__rosidl_typesupport_cpp
[ 38%] [32m[1mLinking CXX shared library libsimple_bot__rosidl_typesupport_introspection_cpp.so[0m
[ 41%] [32m[1mLinking CXX shared library libsimple_bot__rosidl_typesupport_fastrtps_cpp.so[0m
[ 41%] Built target simple_bot__rosidl_typesupport_introspection_cpp
[ 41%] Built target simple_bot__rosidl_typesupport_fastrtps_cpp
