[0.008s] Invoking command in '/home/abdo/Gazebo-Session/DEPI_competition/build/simple_bot': CMAKE_PREFIX_PATH=/opt/ros/humble /usr/bin/cmake /home/abdo/Gazebo-Session/DEPI_competition/src/simple_bot -DAMENT_CMAKE_SYMLINK_INSTALL=1 -DCMAKE_INSTALL_PREFIX=/home/abdo/Gazebo-Session/DEPI_competition/install/simple_bot
[0.018s] -- Found ament_cmake: 1.3.10 (/opt/ros/humble/share/ament_cmake/cmake)
[0.114s] -- Override CMake install command with custom implementation using symlinks instead of copying resources
[0.120s] -- Found rclpy: 3.3.14 (/opt/ros/humble/share/rclpy/cmake)
[0.120s] -- Found rosidl_default_generators: 1.2.0 (/opt/ros/humble/share/rosidl_default_generators/cmake)
[0.121s] -- Using all available rosidl_typesupport_c: rosidl_typesupport_fastrtps_c;rosidl_typesupport_introspection_c
[0.123s] -- Found rosidl_adapter: 3.1.5 (/opt/ros/humble/share/rosidl_adapter/cmake)
[0.148s] -- Using all available rosidl_typesupport_cpp: rosidl_typesupport_fastrtps_cpp;rosidl_typesupport_introspection_cpp
[0.169s] -- Found sensor_msgs: 4.2.4 (/opt/ros/humble/share/sensor_msgs/cmake)
[0.415s] -- Found ament_cmake_ros: 0.10.0 (/opt/ros/humble/share/ament_cmake_ros/cmake)
[0.562s] -- Using all available rosidl_typesupport_c: rosidl_typesupport_fastrtps_c;rosidl_typesupport_introspection_c
[0.752s] -- Using all available rosidl_typesupport_cpp: rosidl_typesupport_fastrtps_cpp;rosidl_typesupport_introspection_cpp
[0.772s] -- Found PythonInterp: /usr/bin/python3 (found suitable version "3.10.12", minimum required is "3.6") 
[0.773s] -- Found python_cmake_module: 0.10.0 (/opt/ros/humble/share/python_cmake_module/cmake)
[0.797s] -- Found PythonLibs: /usr/lib/x86_64-linux-gnu/libpython3.10.so (found suitable version "3.10.12", minimum required is "3.5") 
[0.797s] -- Using PYTHON_EXECUTABLE: /usr/bin/python3
[0.797s] -- Using PYTHON_INCLUDE_DIRS: /usr/include/python3.10
[0.798s] -- Using PYTHON_LIBRARIES: /usr/lib/x86_64-linux-gnu/libpython3.10.so
[0.815s] -- Found PythonExtra: .so  
[0.843s] -- Found ament_lint_auto: 0.12.11 (/opt/ros/humble/share/ament_lint_auto/cmake)
[0.859s] -- Added test 'flake8' to check Python code syntax and style conventions
[0.859s] -- Added test 'lint_cmake' to check CMake code style
[0.860s] -- Added test 'pep257' to check Python code against some of the docstring style conventions in PEP 257
[0.861s] -- Added test 'xmllint' to check XML markup files
[0.864s] -- Configuring done
[0.887s] -- Generating done
[0.888s] -- Build files have been written to: /home/abdo/Gazebo-Session/DEPI_competition/build/simple_bot
[0.894s] Invoked command in '/home/abdo/Gazebo-Session/DEPI_competition/build/simple_bot' returned '0': CMAKE_PREFIX_PATH=/opt/ros/humble /usr/bin/cmake /home/abdo/Gazebo-Session/DEPI_competition/src/simple_bot -DAMENT_CMAKE_SYMLINK_INSTALL=1 -DCMAKE_INSTALL_PREFIX=/home/abdo/Gazebo-Session/DEPI_competition/install/simple_bot
[0.896s] Invoking command in '/home/abdo/Gazebo-Session/DEPI_competition/build/simple_bot': CMAKE_PREFIX_PATH=/opt/ros/humble /usr/bin/cmake --build /home/abdo/Gazebo-Session/DEPI_competition/build/simple_bot -- -j16 -l16
[0.928s] [  3%] [34m[1mGenerating C code for ROS interfaces[0m
[0.935s] [  6%] [34m[1mGenerating C++ code for ROS interfaces[0m
[0.942s] [  6%] Built target ament_cmake_python_symlink_simple_bot
[1.182s] running egg_info
[1.183s] creating simple_bot.egg-info
[1.192s] [  6%] Built target simple_bot__cpp
[1.198s] writing simple_bot.egg-info/PKG-INFO
[1.199s] writing dependency_links to simple_bot.egg-info/dependency_links.txt
[1.199s] writing top-level names to simple_bot.egg-info/top_level.txt
[1.199s] writing manifest file 'simple_bot.egg-info/SOURCES.txt'
[1.200s] [  9%] [34m[1mGenerating C++ introspection for ROS interfaces[0m
[1.200s] [ 12%] [34m[1mGenerating C++ type support dispatch for ROS interfaces[0m
[1.200s] [ 16%] [34m[1mGenerating C++ type support for eProsima Fast-RTPS[0m
[1.206s] [ 19%] [32mBuilding C object CMakeFiles/simple_bot__rosidl_generator_c.dir/rosidl_generator_c/simple_bot/msg/detail/objects_detected__functions.c.o[0m
[1.243s] reading manifest file 'simple_bot.egg-info/SOURCES.txt'
[1.260s] Traceback (most recent call last):
[1.260s]   File "/home/abdo/Gazebo-Session/DEPI_competition/build/simple_bot/ament_cmake_python/simple_bot/setup.py", line 4, in <module>
[1.260s]     setup(
[1.260s]   File "/home/abdo/.local/lib/python3.10/site-packages/setuptools/__init__.py", line 117, in setup
[1.260s]     return distutils.core.setup(**attrs)
[1.260s]   File "/home/abdo/.local/lib/python3.10/site-packages/setuptools/_distutils/core.py", line 183, in setup
[1.260s]     return run_commands(dist)
[1.260s]   File "/home/abdo/.local/lib/python3.10/site-packages/setuptools/_distutils/core.py", line 199, in run_commands
[1.260s]     dist.run_commands()
[1.261s]   File "/home/abdo/.local/lib/python3.10/site-packages/setuptools/_distutils/dist.py", line 954, in run_commands
[1.261s]     self.run_command(cmd)
[1.261s]   File "/home/abdo/.local/lib/python3.10/site-packages/setuptools/dist.py", line 950, in run_command
[1.261s]     super().run_command(command)
[1.261s]   File "/home/abdo/.local/lib/python3.10/site-packages/setuptools/_distutils/dist.py", line 973, in run_command
[1.261s]     cmd_obj.run()
[1.261s]   File "/home/abdo/.local/lib/python3.10/site-packages/setuptools/command/egg_info.py", line 311, in run
[1.261s]     self.find_sources()
[1.262s]   File "/home/abdo/.local/lib/python3.10/site-packages/setuptools/command/egg_info.py", line 319, in find_sources
[1.262s]     mm.run()
[1.262s]   File "/home/abdo/.local/lib/python3.10/site-packages/setuptools/command/egg_info.py", line 545, in run
[1.262s]     self.prune_file_list()
[1.262s]   File "/home/abdo/.local/lib/python3.10/site-packages/setuptools/command/sdist.py", line 161, in prune_file_list
[1.262s]     super().prune_file_list()
[1.262s]   File "/home/abdo/.local/lib/python3.10/site-packages/setuptools/_distutils/command/sdist.py", line 380, in prune_file_list
[1.262s]     base_dir = self.distribution.get_fullname()
[1.262s]   File "/home/abdo/.local/lib/python3.10/site-packages/setuptools/_core_metadata.py", line 267, in get_fullname
[1.262s]     return _distribution_fullname(self.get_name(), self.get_version())
[1.262s]   File "/home/abdo/.local/lib/python3.10/site-packages/setuptools/_core_metadata.py", line 285, in _distribution_fullname
[1.262s]     canonicalize_version(version, strip_trailing_zero=False),
[1.262s] TypeError: canonicalize_version() got an unexpected keyword argument 'strip_trailing_zero'
[1.277s] [ 22%] [32m[1mLinking C shared library libsimple_bot__rosidl_generator_c.so[0m
[1.296s] gmake[2]: *** [CMakeFiles/ament_cmake_python_build_simple_bot_egg.dir/build.make:70: CMakeFiles/ament_cmake_python_build_simple_bot_egg] Error 1
[1.296s] gmake[1]: *** [CMakeFiles/Makefile2:447: CMakeFiles/ament_cmake_python_build_simple_bot_egg.dir/all] Error 2
[1.296s] gmake[1]: *** Waiting for unfinished jobs....
[1.317s] [ 22%] Built target simple_bot__rosidl_generator_c
[1.485s] [ 25%] [32mBuilding CXX object CMakeFiles/simple_bot__rosidl_typesupport_cpp.dir/rosidl_typesupport_cpp/simple_bot/msg/objects_detected__type_support.cpp.o[0m
[1.489s] [ 29%] [32mBuilding CXX object CMakeFiles/simple_bot__rosidl_typesupport_introspection_cpp.dir/rosidl_typesupport_introspection_cpp/simple_bot/msg/detail/objects_detected__type_support.cpp.o[0m
[1.495s] [ 32%] [32mBuilding CXX object CMakeFiles/simple_bot__rosidl_typesupport_fastrtps_cpp.dir/rosidl_typesupport_fastrtps_cpp/simple_bot/msg/detail/dds_fastrtps/objects_detected__type_support.cpp.o[0m
[1.753s] [ 35%] [32m[1mLinking CXX shared library libsimple_bot__rosidl_typesupport_cpp.so[0m
[1.790s] [ 35%] Built target simple_bot__rosidl_typesupport_cpp
[1.831s] [ 38%] [32m[1mLinking CXX shared library libsimple_bot__rosidl_typesupport_introspection_cpp.so[0m
[1.861s] [ 41%] [32m[1mLinking CXX shared library libsimple_bot__rosidl_typesupport_fastrtps_cpp.so[0m
[1.891s] [ 41%] Built target simple_bot__rosidl_typesupport_introspection_cpp
[1.924s] [ 41%] Built target simple_bot__rosidl_typesupport_fastrtps_cpp
[1.925s] gmake: *** [Makefile:146: all] Error 2
[1.927s] Invoked command in '/home/abdo/Gazebo-Session/DEPI_competition/build/simple_bot' returned '2': CMAKE_PREFIX_PATH=/opt/ros/humble /usr/bin/cmake --build /home/abdo/Gazebo-Session/DEPI_competition/build/simple_bot -- -j16 -l16
