[0.010s] Invoking command in '/home/abdo/Gazebo-Session/DEPI_competition/build/simple_bot': CMAKE_PREFIX_PATH=/opt/ros/humble /usr/bin/cmake /home/abdo/Gazebo-Session/DEPI_competition/src/simple_bot -DAMENT_CMAKE_SYMLINK_INSTALL=1 -DCMAKE_INSTALL_PREFIX=/home/abdo/Gazebo-Session/DEPI_competition/install/simple_bot
[0.050s] -- The C compiler identification is GNU 11.4.0
[0.087s] -- The CXX compiler identification is GNU 11.4.0
[0.092s] -- Detecting C compiler ABI info
[0.140s] -- Detecting C compiler ABI info - done
[0.145s] -- Check for working C compiler: /usr/bin/cc - skipped
[0.145s] -- Detecting C compile features
[0.145s] -- Detecting C compile features - done
[0.147s] -- Detecting CXX compiler ABI info
[0.200s] -- Detecting CXX compiler ABI info - done
[0.206s] -- Check for working CXX compiler: /usr/bin/c++ - skipped
[0.206s] -- Detecting CXX compile features
[0.207s] -- Detecting CXX compile features - done
[0.209s] -- Found ament_cmake: 1.3.10 (/opt/ros/humble/share/ament_cmake/cmake)
[0.530s] -- Found Python3: /usr/bin/python3 (found version "3.10.12") found components: Interpreter 
[0.587s] -- Override CMake install command with custom implementation using symlinks instead of copying resources
[0.604s] -- Found rclpy: 3.3.14 (/opt/ros/humble/share/rclpy/cmake)
[0.605s] -- Found rosidl_default_generators: 1.2.0 (/opt/ros/humble/share/rosidl_default_generators/cmake)
[0.608s] -- Using all available rosidl_typesupport_c: rosidl_typesupport_fastrtps_c;rosidl_typesupport_introspection_c
[0.612s] -- Found rosidl_adapter: 3.1.5 (/opt/ros/humble/share/rosidl_adapter/cmake)
[0.649s] -- Using all available rosidl_typesupport_cpp: rosidl_typesupport_fastrtps_cpp;rosidl_typesupport_introspection_cpp
[0.674s] -- Found sensor_msgs: 4.2.4 (/opt/ros/humble/share/sensor_msgs/cmake)
[0.868s] [31mCMake Error at /opt/ros/humble/share/rosidl_cmake/cmake/rosidl_generate_interfaces.cmake:229 (message):
[0.869s]   Packages installing interfaces must include
[0.869s]   '<member_of_group>rosidl_interface_packages</member_of_group>' in their
[0.869s]   package.xml
[0.869s] Call Stack (most recent call first):
[0.869s]   CMakeLists.txt:27 (rosidl_generate_interfaces)
[0.869s] 
[0.869s] [0m
[0.869s] -- Configuring incomplete, errors occurred!
[0.869s] See also "/home/abdo/Gazebo-Session/DEPI_competition/build/simple_bot/CMakeFiles/CMakeOutput.log".
[0.876s] Invoked command in '/home/abdo/Gazebo-Session/DEPI_competition/build/simple_bot' returned '1': CMAKE_PREFIX_PATH=/opt/ros/humble /usr/bin/cmake /home/abdo/Gazebo-Session/DEPI_competition/src/simple_bot -DAMENT_CMAKE_SYMLINK_INSTALL=1 -DCMAKE_INSTALL_PREFIX=/home/abdo/Gazebo-Session/DEPI_competition/install/simple_bot
